<?xml version="1.0" encoding="UTF-8"?>
<!-- Generated by org.testng.reporters.JUnitXMLReporter -->
<testsuite ignored="0" hostname="LAPTOP-UNPNO2TU" failures="0" tests="4" name="Test" time="27.101" errors="0" timestamp="2024-02-26T18:48:53 EST">
  <testcase classname="com.naveenautomation.tests.ContactUsPageTest" name="validateContactBtnClickTest" time="0.532"/>
  <testcase classname="com.naveenautomation.tests.ContactUsPageTest" name="validateSubmitContactDetails" time="1.505"/>
  <testcase classname="com.naveenautomation.tests.MyAccountPageTest" name="validateAccountRegistrationTest" time="1.709"/>
  <testcase classname="com.naveenautomation.tests.GiftCertificatePageTest" name="validateGiftCertificateBtnClickTest" time="0.052"/>
</testsuite> <!-- Test -->
